<?xml version="1.0" encoding="UTF-8"?>
<testng-results skipped="0" failed="0" total="2" passed="2">
  <reporter-output>
  </reporter-output>
  <suite name="Default suite" duration-ms="33793" started-at="2020-03-03T19:41:36Z" finished-at="2020-03-03T19:42:10Z">
    <groups>
      <group name="cucumber">
        <method signature="AbstractTestNGCucumberTests.feature(cucumber.api.testng.CucumberFeatureWrapper)[pri:0, instance:CucumberFramework.runner.MainRunner@148080bb]" name="feature" class="cucumber.api.testng.AbstractTestNGCucumberTests"/>
      </group> <!-- cucumber -->
    </groups>
    <test name="Default test" duration-ms="33793" started-at="2020-03-03T19:41:36Z" finished-at="2020-03-03T19:42:10Z">
      <class name="CucumberFramework.runner.MainRunner">
        <test-method status="PASS" signature="setUpClass()[pri:0, instance:CucumberFramework.runner.MainRunner@148080bb]" name="setUpClass" is-config="true" duration-ms="365" started-at="2020-03-03T19:41:36Z" finished-at="2020-03-03T19:41:37Z">
          <reporter-output>
          </reporter-output>
        </test-method> <!-- setUpClass -->
        <test-method status="PASS" signature="feature(cucumber.api.testng.CucumberFeatureWrapper)[pri:0, instance:CucumberFramework.runner.MainRunner@148080bb]" name="feature" duration-ms="15379" started-at="2020-03-03T19:41:37Z" description="Runs Cucumber Feature" data-provider="features" finished-at="2020-03-03T19:41:52Z">
          <params>
            <param index="0">
              <value>
                <![CDATA[Submit data to webdriveruniversity.com using contact us form]]>
              </value>
            </param>
          </params>
          <reporter-output>
          </reporter-output>
        </test-method> <!-- feature -->
        <test-method status="PASS" signature="feature(cucumber.api.testng.CucumberFeatureWrapper)[pri:0, instance:CucumberFramework.runner.MainRunner@148080bb]" name="feature" duration-ms="17238" started-at="2020-03-03T19:41:52Z" description="Runs Cucumber Feature" data-provider="features" finished-at="2020-03-03T19:42:09Z">
          <params>
            <param index="0">
              <value>
                <![CDATA[Products page]]>
              </value>
            </param>
          </params>
          <reporter-output>
          </reporter-output>
        </test-method> <!-- feature -->
        <test-method status="PASS" signature="writeExtentReport()[pri:0, instance:CucumberFramework.runner.MainRunner@148080bb]" name="writeExtentReport" is-config="true" duration-ms="158" started-at="2020-03-03T19:42:09Z" finished-at="2020-03-03T19:42:09Z">
          <reporter-output>
          </reporter-output>
        </test-method> <!-- writeExtentReport -->
        <test-method status="PASS" signature="tearDownClass()[pri:0, instance:CucumberFramework.runner.MainRunner@148080bb]" name="tearDownClass" is-config="true" duration-ms="529" started-at="2020-03-03T19:42:09Z" finished-at="2020-03-03T19:42:10Z">
          <reporter-output>
          </reporter-output>
        </test-method> <!-- tearDownClass -->
      </class> <!-- CucumberFramework.runner.MainRunner -->
    </test> <!-- Default test -->
  </suite> <!-- Default suite -->
</testng-results>
